<?xml version="1.0" encoding="UTF-8"?>
<!-- Generated by org.testng.reporters.JUnitReportReporter -->
<testsuite skipped="0" hostname="LAPTOP-BGS5S7GJ" name="com.auto.api0401.HttpClientBaiscTest" tests="1" failures="0" timestamp="01 四月 2020 13:56:26 GMT" time="0.067" errors="0">
  <testcase name="postJosnKv" time="0.067" classname="com.auto.api0401.HttpClientBaiscTest"/>
</testsuite> <!-- com.auto.api0401.HttpClientBaiscTest -->
