<?xml version="1.0" encoding="UTF-8"?>
<!-- Generated by org.testng.reporters.JUnitReportReporter -->
<testsuite hostname="LAPTOP-BGS5S7GJ" name="com.auto.crazyapi.Day2_5_PropConsumer" tests="1" failures="0" timestamp="8 Feb 2020 00:57:31 GMT" time="0.000" errors="0">
  <testcase name="test" time="0.000" classname="com.auto.crazyapi.Day2_5_PropConsumer"/>
</testsuite> <!-- com.auto.crazyapi.Day2_5_PropConsumer -->
