<?xml version="1.0" encoding="UTF-8"?>
<!-- Generated by org.testng.reporters.JUnitReportReporter -->
<testsuite skipped="0" hostname="LAPTOP-MFQE14RK" name="com.mtx.les0524.CrmAddBussinessTests" tests="1" failures="0" timestamp="07 六月 2020 01:52:25 GMT" time="0.139" errors="0">
  <testcase name="test003_addAndUpdateBussiness" time="0.139" classname="com.mtx.les0524.CrmAddBussinessTests"/>
</testsuite> <!-- com.mtx.les0524.CrmAddBussinessTests -->
