<?xml version="1.0" encoding="UTF-8"?>
<!-- Generated by org.testng.reporters.JUnitReportReporter -->
<testsuite skipped="0" hostname="LAPTOP-BGS5S7GJ" name="com.auto.crazyapi.UploadTest" tests="1" failures="0" timestamp="11 二月 2020 08:23:01 GMT" time="0.168" errors="0">
  <testcase name="xmlTest" time="0.168" classname="com.auto.crazyapi.UploadTest"/>
</testsuite> <!-- com.auto.crazyapi.UploadTest -->
