<?xml version="1.0" encoding="UTF-8"?>
<!-- Generated by org.testng.reporters.JUnitReportReporter -->
<testsuite skipped="0" hostname="LAPTOP-MFQE14RK" name="com.mtx.les0524.CrmSaveAndUpdateTests" tests="1" failures="0" timestamp="02 六月 2020 01:56:20 GMT" time="0.159" errors="0">
  <testcase name="test0010_saveAndUpdate" time="0.159" classname="com.mtx.les0524.CrmSaveAndUpdateTests"/>
</testsuite> <!-- com.mtx.les0524.CrmSaveAndUpdateTests -->
