<?xml version="1.0" encoding="UTF-8"?>
<!-- Generated by org.testng.reporters.JUnitReportReporter -->
<testsuite skipped="0" hostname="LAPTOP-BGS5S7GJ" name="com.auto.crazyapi.HttpTests20200211" tests="1" failures="0" timestamp="13 二月 2020 12:11:08 GMT" time="0.999" errors="0">
  <testcase name="test7" time="0.999" classname="com.auto.crazyapi.HttpTests20200211"/>
</testsuite> <!-- com.auto.crazyapi.HttpTests20200211 -->
