<?xml version="1.0" encoding="UTF-8"?>
<!-- Generated by org.testng.reporters.JUnitReportReporter -->
<testsuite skipped="0" hostname="LAPTOP-BGS5S7GJ" name="com.auto.api0401.AddContactsTest" tests="1" failures="0" timestamp="22 Apr 2020 12:20:57 GMT" time="0.062" errors="0">
  <testcase name="test001_addContacts" time="0.062" classname="com.auto.api0401.AddContactsTest"/>
</testsuite> <!-- com.auto.api0401.AddContactsTest -->
