<?xml version="1.0" encoding="UTF-8"?>
<!-- Generated by org.testng.reporters.JUnitReportReporter -->
<testsuite skipped="0" hostname="LAPTOP-MFQE14RK" name="com.mtx.les0524.CrmAddContractsTests" tests="2" failures="0" timestamp="31 五月 2020 09:45:18 GMT" time="0.038" errors="0">
  <testcase name="test001_addContracts" time="0.019" classname="com.mtx.les0524.CrmAddContractsTests"/>
  <testcase name="test002_addcontacts" time="0.019" classname="com.mtx.les0524.CrmAddContractsTests"/>
</testsuite> <!-- com.mtx.les0524.CrmAddContractsTests -->
