<?xml version="1.0" encoding="UTF-8"?>
<!-- Generated by org.testng.reporters.JUnitReportReporter -->
<testsuite skipped="0" hostname="LAPTOP-BGS5S7GJ" name="com.auto.project2.Login" tests="1" failures="0" timestamp="15 二月 2020 08:41:28 GMT" time="1.050" errors="0">
  <testcase name="login" time="1.050" classname="com.auto.project2.Login"/>
</testsuite> <!-- com.auto.project2.Login -->
