<?xml version="1.0" encoding="UTF-8"?>
<!-- Generated by org.testng.reporters.JUnitReportReporter -->
<testsuite skipped="0" hostname="LAPTOP-MFQE14RK" name="com.mtx.les0524.CrmAddCustomerTests" tests="3" failures="0" timestamp="31 五月 2020 09:45:18 GMT" time="0.433" errors="0">
  <testcase name="test001_addCustomer" time="0.351" classname="com.mtx.les0524.CrmAddCustomerTests"/>
  <testcase name="test002_addCustomer" time="0.053" classname="com.mtx.les0524.CrmAddCustomerTests"/>
  <testcase name="test003_addCustomer" time="0.029" classname="com.mtx.les0524.CrmAddCustomerTests"/>
</testsuite> <!-- com.mtx.les0524.CrmAddCustomerTests -->
