<?xml version="1.0" encoding="UTF-8"?>
<!-- Generated by org.testng.reporters.JUnitReportReporter -->
<testsuite skipped="0" hostname="LAPTOP-MFQE14RK" name="com.mtx.les0524.CrmAddAndUpdateBussinessTests" tests="1" failures="0" timestamp="05 六月 2020 01:47:52 GMT" time="0.135" errors="0">
  <testcase name="test003_addAndUpdateBussiness" time="0.135" classname="com.mtx.les0524.CrmAddAndUpdateBussinessTests"/>
</testsuite> <!-- com.mtx.les0524.CrmAddAndUpdateBussinessTests -->
