<?xml version="1.0" encoding="UTF-8"?>
<!-- Generated by org.testng.reporters.JUnitReportReporter -->
<testsuite skipped="0" hostname="LAPTOP-BGS5S7GJ" name="com.auto.api0401.CRMTests2" tests="1" failures="0" timestamp="13 Apr 2020 12:31:55 GMT" time="0.026" errors="0">
  <testcase name="test001_addContacts" time="0.026" classname="com.auto.api0401.CRMTests2"/>
</testsuite> <!-- com.auto.api0401.CRMTests2 -->
