<?xml version="1.0" encoding="UTF-8"?>
<!-- Generated by org.testng.reporters.JUnitReportReporter -->
<testsuite skipped="0" hostname="LAPTOP-MFQE14RK" name="com.mtx.les0524.CrmLoginTests" tests="7" failures="0" timestamp="31 五月 2020 07:06:26 GMT" time="0.359" errors="0">
  <testcase name="test007_login" time="0.006" classname="com.mtx.les0524.CrmLoginTests"/>
  <testcase name="test002_login" time="0.014" classname="com.mtx.les0524.CrmLoginTests"/>
  <testcase name="test004_login" time="0.005" classname="com.mtx.les0524.CrmLoginTests"/>
  <testcase name="test003_login" time="0.007" classname="com.mtx.les0524.CrmLoginTests"/>
  <testcase name="test005_login" time="0.008" classname="com.mtx.les0524.CrmLoginTests"/>
  <testcase name="test001_login" time="0.314" classname="com.mtx.les0524.CrmLoginTests"/>
  <testcase name="test006_login" time="0.005" classname="com.mtx.les0524.CrmLoginTests"/>
</testsuite> <!-- com.mtx.les0524.CrmLoginTests -->
