<?xml version="1.0" encoding="UTF-8"?>
<!-- Generated by org.testng.reporters.JUnitReportReporter -->
<testsuite hostname="LAPTOP-BGS5S7GJ" name="com.auto.crazyapi.BaseTest" tests="1" failures="0" timestamp="8 Feb 2020 01:00:14 GMT" time="4.831" errors="0">
  <testcase name="test" time="4.831" classname="com.auto.crazyapi.BaseTest"/>
</testsuite> <!-- com.auto.crazyapi.BaseTest -->
