<?xml version="1.0" encoding="UTF-8"?>
<!-- Generated by org.testng.reporters.JUnitReportReporter -->
<testsuite skipped="0" hostname="LAPTOP-MFQE14RK" name="com.mtx.les0524.HttpClientBasicStudy" tests="2" failures="0" timestamp="31 五月 2020 02:03:06 GMT" time="0.658" errors="0">
  <testcase name="test007_JsonCrmAddCustomer" time="0.455" classname="com.mtx.les0524.HttpClientBasicStudy"/>
  <testcase name="test006_JsonCrmLogin" time="0.203" classname="com.mtx.les0524.HttpClientBasicStudy"/>
</testsuite> <!-- com.mtx.les0524.HttpClientBasicStudy -->
