<?xml version="1.0" encoding="UTF-8"?>
<!-- Generated by org.testng.reporters.JUnitReportReporter -->
<testsuite skipped="0" hostname="LAPTOP-BGS5S7GJ" name="com.auto.api0401.JavaMallTests" tests="1" failures="0" timestamp="11 四月 2020 13:57:07 GMT" time="1.735" errors="0">
  <testcase name="addMember" time="1.735" classname="com.auto.api0401.JavaMallTests"/>
</testsuite> <!-- com.auto.api0401.JavaMallTests -->
