<?xml version="1.0" encoding="UTF-8"?>
<!-- Generated by org.testng.reporters.JUnitReportReporter -->
<testsuite skipped="0" hostname="LAPTOP-BGS5S7GJ" name="com.auto.crazyapi.HttpGet20200208" tests="1" failures="0" timestamp="13 二月 2020 05:37:24 GMT" time="0.135" errors="0">
  <testcase name="sentXML" time="0.135" classname="com.auto.crazyapi.HttpGet20200208"/>
</testsuite> <!-- com.auto.crazyapi.HttpGet20200208 -->
